<?xml version="1.0" encoding="UTF-8"?>
<testsuite name="Find a Plan in one2trip.net" tests="1" skipped="0" failures="0" errors="0" timestamp="2021-03-11T00:22:15" hostname="LAPTOP-J919QULJ" time="46.725">
  <properties/>
  <testcase name="successful search" classname="Find a Plan in one2trip.net" time="46.725"/>
  <system-out><![CDATA[]]></system-out>
  <system-err><![CDATA[mar 10, 2021 7:22:15 PM org.openqa.selenium.remote.DesiredCapabilities chrome
INFORMACIÓN: Using `new ChromeOptions()` is preferred to `DesiredCapabilities.chrome()`
Starting ChromeDriver 88.0.4324.96 (68dba2d8a0b149a1d3afac56fa74648032bcf46b-refs/branch-heads/4324@{#1784}) on port 2639
Only local connections are allowed.
Please see https://chromedriver.chromium.org/security-considerations for suggestions on keeping ChromeDriver safe.
ChromeDriver was started successfully.
mar 10, 2021 7:22:22 PM org.openqa.selenium.remote.ProtocolHandshake createSession
INFORMACIÓN: Detected dialect: W3C
]]></system-err>
</testsuite>
