<?xml version="1.0" encoding="UTF-8"?>
<testsuite name="net.one2trip.testing.runners.SearchPackageRunner" tests="0" skipped="0" failures="0" errors="0" timestamp="1970-01-01T00:00:00" hostname="SBMEDADMINJS22" time="0.0">
  <properties/>
  <system-out><![CDATA[
?[31mFailed scenarios:?[0m
?[31msrc/test/resources/net.one2trip.testing.features/SearchPackage.feature:9 ?[0m# successful search

1 Scenarios (?[31m1 failed?[0m)
3 Steps (?[31m1 failed?[0m, ?[32m2 passed?[0m)
0m27,507s

java.lang.AssertionError: 
Expected: "Vuelta a oriente"
     but: was "Plan Bahamas Hotel Riu Palace Paradise Island ( 3 noches - 4 dias)"
	at net.serenitybdd.screenplay.ErrorTally.throwSummaryExceptionFrom(ErrorTally.java:36)
	at net.serenitybdd.screenplay.ErrorTally.reportAnyErrors(ErrorTally.java:30)
	at net.serenitybdd.screenplay.Actor.should(Actor.java:187)
	at net.one2trip.testing.stepdefinitions.SearchPackageDefinitions.heSeesInDetailTheTitle(SearchPackageDefinitions.java:45)
	at ?.He sees in detail the title "Vuelta a oriente"(src/test/resources/net.one2trip.testing.features/SearchPackage.feature:15)

]]></system-out>
  <system-err><![CDATA[SLF4J: No SLF4J providers were found.
SLF4J: Defaulting to no-operation (NOP) logger implementation
SLF4J: See http://www.slf4j.org/codes.html#noProviders for further details.
]]></system-err>
</testsuite>
